# JRE version: OpenJDK Runtime Environment (8.0_242-b01) (build 1.8.0_242-release-1644-b01)
# Java VM: OpenJDK 64-Bit Server VM (25.242-b01 mixed mode windows-amd64 compressed oops)
Heap:
 PSYoungGen      total 407552K, used 169965K [0x00000000d5580000, 0x00000000f1600000, 0x0000000100000000)
  eden space 355840K, 46% used [0x00000000d5580000,0x00000000df79b5d0,0x00000000eb100000)
  from space 51712K, 7% used [0x00000000eb100000,0x00000000eb4e0000,0x00000000ee380000)
  to   space 47616K, 0% used [0x00000000ee780000,0x00000000ee780000,0x00000000f1600000)
 ParOldGen       total 147968K, used 95185K [0x0000000080000000, 0x0000000089080000, 0x00000000d5580000)
  object space 147968K, 64% used [0x0000000080000000,0x0000000085cf4528,0x0000000089080000)
 Metaspace       used 97203K, capacity 101856K, committed 102296K, reserved 1138688K
  class space    used 12751K, capacity 13646K, committed 13744K, reserved 1048576K
GC Heap History (10 events):
Event: 91.456 GC heap before
{Heap before GC invocations=17 (full 3):
 PSYoungGen      total 245760K, used 245756K [0x00000000d5580000, 0x00000000e9880000, 0x0000000100000000)
  eden space 218112K, 100% used [0x00000000d5580000,0x00000000e2a80000,0x00000000e2a80000)
  from space 27648K, 99% used [0x00000000e2a80000,0x00000000e457f2c0,0x00000000e4580000)
  to   space 35328K, 0% used [0x00000000e7600000,0x00000000e7600000,0x00000000e9880000)
 ParOldGen       total 147968K, used 43630K [0x0000000080000000, 0x0000000089080000, 0x00000000d5580000)
  object space 147968K, 29% used [0x0000000080000000,0x0000000082a9b970,0x0000000089080000)
 Metaspace       used 91801K, capacity 96464K, committed 96792K, reserved 1132544K
  class space    used 12090K, capacity 13002K, committed 13104K, reserved 1048576K
Event: 91.539 GC heap after
Heap after GC invocations=17 (full 3):
 PSYoungGen      total 283648K, used 35317K [0x00000000d5580000, 0x00000000eb300000, 0x0000000100000000)
  eden space 248320K, 0% used [0x00000000d5580000,0x00000000d5580000,0x00000000e4800000)
  from space 35328K, 99% used [0x00000000e7600000,0x00000000e987d4d0,0x00000000e9880000)
  to   space 47104K, 0% used [0x00000000e4800000,0x00000000e4800000,0x00000000e7600000)
 ParOldGen       total 147968K, used 60678K [0x0000000080000000, 0x0000000089080000, 0x00000000d5580000)
  object space 147968K, 41% used [0x0000000080000000,0x0000000083b41818,0x0000000089080000)
 Metaspace       used 91801K, capacity 96464K, committed 96792K, reserved 1132544K
  class space    used 12090K, capacity 13002K, committed 13104K, reserved 1048576K
}
Event: 92.370 GC heap before
{Heap before GC invocations=18 (full 3):
 PSYoungGen      total 283648K, used 128984K [0x00000000d5580000, 0x00000000eb300000, 0x0000000100000000)
  eden space 248320K, 37% used [0x00000000d5580000,0x00000000db0f8d88,0x00000000e4800000)
  from space 35328K, 99% used [0x00000000e7600000,0x00000000e987d4d0,0x00000000e9880000)
  to   space 47104K, 0% used [0x00000000e4800000,0x00000000e4800000,0x00000000e7600000)
 ParOldGen       total 147968K, used 60678K [0x0000000080000000, 0x0000000089080000, 0x00000000d5580000)
  object space 147968K, 41% used [0x0000000080000000,0x0000000083b41818,0x0000000089080000)
 Metaspace       used 93758K, capacity 98484K, committed 98584K, reserved 1134592K
  class space    used 12397K, capacity 13314K, committed 13360K, reserved 1048576K
Event: 92.568 GC heap after
Heap after GC invocations=18 (full 3):
 PSYoungGen      total 295424K, used 39517K [0x00000000d5580000, 0x00000000f1a80000, 0x0000000100000000)
  eden space 248320K, 0% used [0x00000000d5580000,0x00000000d5580000,0x00000000e4800000)
  from space 47104K, 83% used [0x00000000e4800000,0x00000000e6e97448,0x00000000e7600000)
  to   space 52224K, 0% used [0x00000000ee780000,0x00000000ee780000,0x00000000f1a80000)
 ParOldGen       total 147968K, used 75884K [0x0000000080000000, 0x0000000089080000, 0x00000000d5580000)
  object space 147968K, 51% used [0x0000000080000000,0x0000000084a1b0e8,0x0000000089080000)
 Metaspace       used 93758K, capacity 98484K, committed 98584K, reserved 1134592K
  class space    used 12397K, capacity 13314K, committed 13360K, reserved 1048576K
}
Event: 92.568 GC heap before
{Heap before GC invocations=19 (full 4):
 PSYoungGen      total 295424K, used 39517K [0x00000000d5580000, 0x00000000f1a80000, 0x0000000100000000)
  eden space 248320K, 0% used [0x00000000d5580000,0x00000000d5580000,0x00000000e4800000)
  from space 47104K, 83% used [0x00000000e4800000,0x00000000e6e97448,0x00000000e7600000)
  to   space 52224K, 0% used [0x00000000ee780000,0x00000000ee780000,0x00000000f1a80000)
 ParOldGen       total 147968K, used 75884K [0x0000000080000000, 0x0000000089080000, 0x00000000d5580000)
  object space 147968K, 51% used [0x0000000080000000,0x0000000084a1b0e8,0x0000000089080000)
 Metaspace       used 93758K, capacity 98484K, committed 98584K, reserved 1134592K
  class space    used 12397K, capacity 13314K, committed 13360K, reserved 1048576K
Event: 93.276 GC heap after
Heap after GC invocations=19 (full 4):
 PSYoungGen      total 295424K, used 0K [0x00000000d5580000, 0x00000000f1a80000, 0x0000000100000000)
  eden space 248320K, 0% used [0x00000000d5580000,0x00000000d5580000,0x00000000e4800000)
  from space 47104K, 0% used [0x00000000e4800000,0x00000000e4800000,0x00000000e7600000)
  to   space 52224K, 0% used [0x00000000ee780000,0x00000000ee780000,0x00000000f1a80000)
 ParOldGen       total 147968K, used 92133K [0x0000000080000000, 0x0000000089080000, 0x00000000d5580000)
  object space 147968K, 62% used [0x0000000080000000,0x00000000859f9780,0x0000000089080000)
 Metaspace       used 93509K, capacity 97760K, committed 98584K, reserved 1134592K
  class space    used 12314K, capacity 13170K, committed 13360K, reserved 1048576K
}
Event: 96.460 GC heap before
{Heap before GC invocations=20 (full 4):
 PSYoungGen      total 295424K, used 248320K [0x00000000d5580000, 0x00000000f1a80000, 0x0000000100000000)
  eden space 248320K, 100% used [0x00000000d5580000,0x00000000e4800000,0x00000000e4800000)
  from space 47104K, 0% used [0x00000000e4800000,0x00000000e4800000,0x00000000e7600000)
  to   space 52224K, 0% used [0x00000000ee780000,0x00000000ee780000,0x00000000f1a80000)
 ParOldGen       total 147968K, used 92133K [0x0000000080000000, 0x0000000089080000, 0x00000000d5580000)
  object space 147968K, 62% used [0x0000000080000000,0x00000000859f9780,0x0000000089080000)
 Metaspace       used 96958K, capacity 101538K, committed 102040K, reserved 1138688K
  class space    used 12732K, capacity 13635K, committed 13744K, reserved 1048576K
Event: 96.489 GC heap after
Heap after GC invocations=20 (full 4):
 PSYoungGen      total 403456K, used 4672K [0x00000000d5580000, 0x00000000f1600000, 0x0000000100000000)
  eden space 355840K, 0% used [0x00000000d5580000,0x00000000d5580000,0x00000000eb100000)
  from space 47616K, 9% used [0x00000000ee780000,0x00000000eec10388,0x00000000f1600000)
  to   space 51712K, 0% used [0x00000000eb100000,0x00000000eb100000,0x00000000ee380000)
 ParOldGen       total 147968K, used 92141K [0x0000000080000000, 0x0000000089080000, 0x00000000d5580000)
  object space 147968K, 62% used [0x0000000080000000,0x00000000859fb780,0x0000000089080000)
 Metaspace       used 96958K, capacity 101538K, committed 102040K, reserved 1138688K
  class space    used 12732K, capacity 13635K, committed 13744K, reserved 1048576K
}
Event: 99.162 GC heap before
{Heap before GC invocations=21 (full 4):
 PSYoungGen      total 403456K, used 360512K [0x00000000d5580000, 0x00000000f1600000, 0x0000000100000000)
  eden space 355840K, 100% used [0x00000000d5580000,0x00000000eb100000,0x00000000eb100000)
  from space 47616K, 9% used [0x00000000ee780000,0x00000000eec10388,0x00000000f1600000)
  to   space 51712K, 0% used [0x00000000eb100000,0x00000000eb100000,0x00000000ee380000)
 ParOldGen       total 147968K, used 92141K [0x0000000080000000, 0x0000000089080000, 0x00000000d5580000)
  object space 147968K, 62% used [0x0000000080000000,0x00000000859fb780,0x0000000089080000)
 Metaspace       used 97169K, capacity 101788K, committed 102040K, reserved 1138688K
  class space    used 12747K, capacity 13646K, committed 13744K, reserved 1048576K
Event: 99.189 GC heap after
Heap after GC invocations=21 (full 4):
 PSYoungGen      total 407552K, used 3968K [0x00000000d5580000, 0x00000000f1600000, 0x0000000100000000)
  eden space 355840K, 0% used [0x00000000d5580000,0x00000000d5580000,0x00000000eb100000)
  from space 51712K, 7% used [0x00000000eb100000,0x00000000eb4e0000,0x00000000ee380000)
  to   space 47616K, 0% used [0x00000000ee780000,0x00000000ee780000,0x00000000f1600000)
 ParOldGen       total 147968K, used 95185K [0x0000000080000000, 0x0000000089080000, 0x00000000d5580000)
  object space 147968K, 64% used [0x0000000080000000,0x0000000085cf4528,0x0000000089080000)
 Metaspace       used 97169K, capacity 101788K, committed 102040K, reserved 1138688K
  class space    used 12747K, capacity 13646K, committed 13744K, reserved 1048576K
}

